<?xml version="1.0" encoding="UTF-8"?>
<testng-results ignored="0" total="2" passed="2" failed="0" skipped="0">
  <reporter-output>
  </reporter-output>
  <suite started-at="2023-12-28T23:33:09 IST" name="Suite" finished-at="2023-12-28T23:33:21 IST" duration-ms="11972">
    <groups>
    </groups>
    <test started-at="2023-12-28T23:33:09 IST" name="Test" finished-at="2023-12-28T23:33:21 IST" duration-ms="11972">
      <class name="test.LoginTest">
        <test-method is-config="true" signature="iniBrowser()[pri:0, instance:test.LoginTest@2118cddf]" started-at="2023-12-28T23:32:56 IST" name="iniBrowser" finished-at="2023-12-28T23:33:09 IST" duration-ms="12701" status="PASS">
          <reporter-output>
          </reporter-output>
        </test-method> <!-- iniBrowser -->
        <test-method signature="login()[pri:0, instance:test.LoginTest@2118cddf]" started-at="2023-12-28T23:33:09 IST" name="login" finished-at="2023-12-28T23:33:12 IST" duration-ms="2344" status="PASS">
          <reporter-output>
          </reporter-output>
        </test-method> <!-- login -->
        <test-method signature="iniBrowser()[pri:1, instance:test.LoginTest@2118cddf]" started-at="2023-12-28T23:33:12 IST" name="iniBrowser" finished-at="2023-12-28T23:33:21 IST" duration-ms="9531" status="PASS">
          <reporter-output>
          </reporter-output>
        </test-method> <!-- iniBrowser -->
      </class> <!-- test.LoginTest -->
    </test> <!-- Test -->
  </suite> <!-- Suite -->
</testng-results>
